Exception (0):
epc1=0x40239a64 epc2=0x00000000 epc3=0x00000000 excvaddr=0x00000000 depc=0x00000000

ctx: sys 
sp: 3ffff7b0 end: 3fffffb0 offset: 01a0

>>>stack>>>
3ffff950:  40239a60 00000138 00000150 40239a49  
3ffff960:  00000000 00000000 00000000 00000032  
3ffff970:  40239b1c 00000023 00000001 00000000  
3ffff980:  00000138 00000000 3ffef098 00000001  
3ffff990:  00003d32 3ffff9d0 3ffef0ca 402365d3  
3ffff9a0:  00000000 00000006 00000001 3ffef0ca  
3ffff9b0:  00000006 00000000 00000001 00000001  
3ffff9c0:  00000001 00000000 00000002 40006784  
3ffff9d0:  00000000 3ffef088 3ffe8300 40234739  
3ffff9e0:  00000000 40236b64 00000000 3ffef088  
3ffff9f0:  00000006 00000001 00000004 40234739  
3ffffa00:  1d1c1817 19161310 00060008 00070007  
3ffffa10:  00003528 402346b0 00000d26 40238240  
3ffffa20:  00000bf0 40238255 3ffef088 00000001  
3ffffa30:  3ffef1da 3ffef098 00000001 00000003  
3ffffa40:  3ffef088 60000600 60000200 00000000  
3ffffa50:  40233f57 00000000 00000001 3ffef1da  
3ffffa60:  40105752 60000e00 07c007c1 000007c0  
3ffffa70:  40238f5c 050b0305 02050b02 fe92130c  
3ffffa80:  00000000 b20019d1 d6dc4f22 04ff1712  
3ffffa90:  00000000 00009fed 3fff1254 40223dab  
3ffffaa0:  3ffedffe 60000e00 3ffedfdc 3ffedffe  
3ffffab0:  00000001 00000001 00000000 ffff0000  
3ffffac0:  4022470f 3fff1254 ffffffff 402246b7  
3ffffad0:  3fff1234 00001000 4010488e 0000007d  
3ffffae0:  00000006 00000020 3fffff10 00000000  
3ffffaf0:  3fff12d4 00000000 00000003 f358d494  
3ffffb00:  32524556 00000000 ffff0003 0000000e  
3ffffb10:  4943414d 4f5a532d 322d4142 ff00342d  
3ffffb20:  0000227f ff02b400 0000103f 00001000  
3ffffb30:  00030503 45000003 56524344 00424754  
3ffffb40:  00000001 3fff0010 00000022 00000001  
3ffffb50:  3fff0010 3ffeff70 00000001 3fff1a74  
3ffffb60:  00000010 3ffeffe0 3ffeffe0 40204edf  
3ffffb70:  3fff1d23 00000008 c7a85266 f6cb400f  
3ffffb80:  8462b044 0b6786fd 9ef4b8ba 56f4c15a  
3ffffb90:  bd9a5de5 609bd0ca 00000000 00000000  
3ffffba0:  ffffffff ffffffff d61800ff bda7bac7  
3ffffbb0:  0000000a 5f505345 31443931 00003644  
3ffffbc0:  00000000 00000000 00000000 00000000  
3ffffbd0:  00000000 00000000 00000000 00000000  
3ffffbe0:  00000000 00000000 00000000 00000000  
3ffffbf0:  00000000 00000000 00000000 00000000  
3ffffc00:  00000000 00000000 00000000 00000000  
3ffffc10:  00000000 ffffffff ffffffff ffffffff  
3ffffc20:  ffffffff ffffffff ffffffff ffffffff  
3ffffc30:  ffffffff 000001ff ffffff04 ffff0001  
3ffffc40:  0000000e 4943414d 4f5a532d 322d4142  
3ffffc50:  ff00342d 0000227f ff02b400 0000103f  
3ffffc60:  00001000 52434445 42475456 00000100  
3ffffc70:  ff001000 0000223f 00000100 ff001000  
3ffffc80:  feff703f 0000013f ff1a7400 0000103f  
3ffffc90:  feffe000 feffe03f 204edf3f ff1d2340  
3ffffca0:  0000083f ffffffff ffffffff ffffffff  
3ffffcb0:  ffffffff ffffffff ffffffff ffffffff  
3ffffcc0:  ffffffff ffffffff ffffffff ffffffff  
3ffffcd0:  ffffffff ffffffff ffffffff ffffffff  
3ffffce0:  ffffffff ffffffff ffffffff ffffffff  
3ffffcf0:  ffffffff ffffffff ffffffff ffffffff  
3ffffd00:  ffffffff ffffffff ffffffff ffffffff  
3ffffd10:  ffffffff ffffffff ffffffff ffffffff  
3ffffd20:  ffffffff ffffffff ffffffff ffffffff  
3ffffd30:  ffffffff ffffffff ffffffff ffffffff  
3ffffd40:  ffffffff ffffffff ffffffff ffffffff  
3ffffd50:  ffffffff ffffffff ffffffff ffffffff  
3ffffd60:  ffffffff ffffffff ffffffff ffffffff  
3ffffd70:  ffffffff ffffffff ffffffff ffffffff  
3ffffd80:  ffffffff ffffffff ffffffff ffffffff  
3ffffd90:  ffffffff ffffffff ffffffff ffffffff  
3ffffda0:  ffffffff ffffffff ffffffff ffffffff  
3ffffdb0:  ffffffff ffffffff ffffffff ffffffff  
3ffffdc0:  ffffffff ffffffff ffffffff ffffffff  
3ffffdd0:  ffffffff ffffffff ffffffff ffffffff  
3ffffde0:  ffffffff ffffffff ffffffff ffffffff  
3ffffdf0:  ffffffff ffffffff ffffffff ffffffff  
3ffffe00:  ffffffff ffffffff ffffffff ffffffff  
3ffffe10:  ffffffff ffffffff ffffffff ffffffff  
3ffffe20:  ffffffff ffffffff ffffffff ffffffff  
3ffffe30:  ffffffff ffffffff ffffffff ffffffff  
3ffffe40:  ffffffff 00000003 ffffff00 ffffffff  
3ffffe50:  ffffffff ffffffff ffffffff ffffffff  
3ffffe60:  ffffffff ffffffff ffffffff ffff0064  
3ffffe70:  00000000 00000000 ffffffff ffffffff  
3ffffe80:  ffffffff ffffffff ffffffff ffffffff  
3ffffe90:  ffffffff ffffffff ffffffff ffffffff  
3ffffea0:  ffffffff ffffffff ffffffff ffffffff  
3ffffeb0:  ffffffff ffffffff ffffffff ffffffff  
3ffffec0:  ffffffff ffffffff ffffffff ffffffff  
3ffffed0:  ffffffff ffffffff ffffffff ffffffff  
3ffffee0:  ffffffff c7a85266 f6cb400f 8462b044  
3ffffef0:  0b6786fd 9ef4b8ba 56f4c15a bd9a5de5  
3fffff00:  609bd0ca ffffffff ffffffff ffffffff  
3fffff10:  ffffffff ffffffff ffffffff ffffffff  
3fffff20:  ffffffff ffffffff ffffffff ffffffff  
3fffff30:  ffffffff ffffffff ffffffff ffffffff  
3fffff40:  ffffffff ffffffff ffffffff ffffffff  
3fffff50:  ffffffff ffffffff ffffffff ffffffff  
3fffff60:  ffffffff ffffffff ffffffff ffffffff  
3fffff70:  ffffffff ffffffff ffffffff ffffffff  
3fffff80:  ffffffff ffffffff ffffffff ffffffff  
3fffff90:  4fdcffff d6d11922 2105a440 4f783a09  
3fffffa0:  000001e9 9512d333 ffffff01 55aa55aa  
<<<stack<<<


